{"name": "Проверка увеличения счетчика заказов за сегодня - после создания заказа", "status": "broken", "statusDetails": {"message": "selenium.common.exceptions.TimeoutException: Message:", "trace": "self = <test_order_list.TestOrderListPage object at 0x00000283C36B96D0>, driver = <selenium.webdriver.firefox.webdriver.WebDriver (session=\"4ab99b4d-7a37-4bac-80a1-3b5e8eb15041\")>\nuser_sign_in = None\n\n    @allure.title('Проверка увеличения счетчика заказов за сегодня - после создания заказа')\n    def test_today_orders_counter(self, driver, user_sign_in):\n        mainpage = MainPage(driver)\n        orderpage = OrderListPage(driver)\n        mainpage.go_to_order_list()\n        before_total = orderpage.get_today_orders_total()\n        mainpage.go_to_site(Urls.URL)\n>       mainpage.create_new_order()\n\ntests\\test_order_list.py:52: \n_ _ _ _ _ _ _ _ _ _ _ _ _ _ _ _ _ _ _ _ _ _ _ _ _ _ _ _ _ _ _ _ _ _ _ _ _ _ _ _ _ _ _ _ _ _ _ _ _ _ _ _ _ _ _ _ _ _ _ _ _ _ _ _ _ _ _ _ _ _ _ _ _ _ _ _ _ _ _ _ _ _ _ _ _ _ _ _ _ _ _ _\npages\\main_page.py:53: in create_new_order\n    self.wait_until_element_invisibility(20, MainPageLocators.DEFAULT_ORDER)\npages\\base_page.py:44: in wait_until_element_invisibility\n    WebDriverWait(self.driver, time).until(EC.invisibility_of_element_located(locator))\n_ _ _ _ _ _ _ _ _ _ _ _ _ _ _ _ _ _ _ _ _ _ _ _ _ _ _ _ _ _ _ _ _ _ _ _ _ _ _ _ _ _ _ _ _ _ _ _ _ _ _ _ _ _ _ _ _ _ _ _ _ _ _ _ _ _ _ _ _ _ _ _ _ _ _ _ _ _ _ _ _ _ _ _ _ _ _ _ _ _ _ _\n\nself = <selenium.webdriver.support.wait.WebDriverWait (session=\"4ab99b4d-7a37-4bac-80a1-3b5e8eb15041\")>\nmethod = <function invisibility_of_element_located.<locals>._predicate at 0x00000283C36AB420>, message = ''\n\n    def until(self, method: Callable[[D], Union[Literal[False], T]], message: str = \"\") -> T:\n        \"\"\"Calls the method provided with the driver as an argument until the \\\n        return value does not evaluate to ``False``.\n    \n        :param method: callable(WebDriver)\n        :param message: optional message for :exc:`TimeoutException`\n        :returns: the result of the last call to `method`\n        :raises: :exc:`selenium.common.exceptions.TimeoutException` if timeout occurs\n        \"\"\"\n        screen = None\n        stacktrace = None\n    \n        end_time = time.monotonic() + self._timeout\n        while True:\n            try:\n                value = method(self._driver)\n                if value:\n                    return value\n            except self._ignored_exceptions as exc:\n                screen = getattr(exc, \"screen\", None)\n                stacktrace = getattr(exc, \"stacktrace\", None)\n            time.sleep(self._poll)\n            if time.monotonic() > end_time:\n                break\n>       raise TimeoutException(message, screen, stacktrace)\nE       selenium.common.exceptions.TimeoutException: Message:\n\nC:\\Sprint_5\\.venv\\Diplom_3\\Lib\\site-packages\\selenium\\webdriver\\support\\wait.py:105: TimeoutException"}, "steps": [{"name": "Переходим на страницу Лента заказов", "status": "passed", "steps": [{"name": "Клик по элементу", "status": "passed", "parameters": [{"name": "locator", "value": "('xpath', '//p[text()=\"Лента Заказов\"]/parent::a')"}], "start": 1723719737650, "stop": 1723719737898}, {"name": "Ожидание появления элемента", "status": "passed", "parameters": [{"name": "time", "value": "20"}, {"name": "locator", "value": "('xpath', '//h1[text()=\"Лента заказов\"]')"}], "start": 1723719737898, "stop": 1723719738413}], "start": 1723719737650, "stop": 1723719738413}, {"name": "Получаем общее количество заказов, выполненных за сегодня", "status": "passed", "steps": [{"name": "Получение текста элемента", "status": "passed", "parameters": [{"name": "locator", "value": "('xpath', '//p[text()=\"Выполнено за сегодня:\"]/following-sibling::p[contains(@class,\"digits-large\")]')"}], "start": 1723719738413, "stop": 1723719738424}], "start": 1723719738413, "stop": 1723719738424}, {"name": "Переход на сайт", "status": "passed", "parameters": [{"name": "url", "value": "'https://stellarburgers.nomoreparties.site/'"}], "start": 1723719738424, "stop": 1723719738594}, {"name": "Создаем заказ и получаем его номер", "status": "broken", "statusDetails": {"message": "selenium.common.exceptions.TimeoutException: Message: \n\n", "trace": "  File \"C:\\Sprint_5\\.venv\\Diplom_3\\Lib\\site-packages\\allure_commons\\_allure.py\", line 192, in impl\n    return func(*a, **kw)\n           ^^^^^^^^^^^^^^\n  File \"C:\\Users\\ibrae\\OneDrive\\Desktop\\Diplom_Alexander_Lyapunov_07\\Diplom_3\\pages\\main_page.py\", line 53, in create_new_order\n    self.wait_until_element_invisibility(20, MainPageLocators.DEFAULT_ORDER)\n  File \"C:\\Sprint_5\\.venv\\Diplom_3\\Lib\\site-packages\\allure_commons\\_allure.py\", line 192, in impl\n    return func(*a, **kw)\n           ^^^^^^^^^^^^^^\n  File \"C:\\Users\\ibrae\\OneDrive\\Desktop\\Diplom_Alexander_Lyapunov_07\\Diplom_3\\pages\\base_page.py\", line 44, in wait_until_element_invisibility\n    WebDriverWait(self.driver, time).until(EC.invisibility_of_element_located(locator))\n  File \"C:\\Sprint_5\\.venv\\Diplom_3\\Lib\\site-packages\\selenium\\webdriver\\support\\wait.py\", line 105, in until\n    raise TimeoutException(message, screen, stacktrace)\n"}, "steps": [{"name": "Ожидание появления элемента", "status": "passed", "parameters": [{"name": "time", "value": "20"}, {"name": "locator", "value": "('xpath', '//h1[text()=\"Соберите бургер\"]')"}], "start": 1723719738594, "stop": 1723719738607}, {"name": "Перетаскивание элемента", "status": "passed", "parameters": [{"name": "drag", "value": "('xpath', '//*[@href=\"/ingredient/61c0c5a71d1f82001bdaaa6d\"]')"}, {"name": "drop", "value": "('xpath', '//ul[contains(@class,\"basket\")]')"}], "start": 1723719738607, "stop": 1723719739673}, {"name": "Клик по элементу", "status": "passed", "parameters": [{"name": "locator", "value": "('xpath', '//button[text()=\"Оформить заказ\"]')"}], "start": 1723719739674, "stop": 1723719739893}, {"name": "Ожидание появления элемента", "status": "passed", "parameters": [{"name": "time", "value": "20"}, {"name": "locator", "value": "('xpath', '//p[text()=\"Ваш заказ начали готовить\"]')"}], "start": 1723719739893, "stop": 1723719739904}, {"name": "Ожидание исчезновения элемента", "status": "broken", "statusDetails": {"message": "selenium.common.exceptions.TimeoutException: Message: \n\n", "trace": "  File \"C:\\Sprint_5\\.venv\\Diplom_3\\Lib\\site-packages\\allure_commons\\_allure.py\", line 192, in impl\n    return func(*a, **kw)\n           ^^^^^^^^^^^^^^\n  File \"C:\\Users\\ibrae\\OneDrive\\Desktop\\Diplom_Alexander_Lyapunov_07\\Diplom_3\\pages\\base_page.py\", line 44, in wait_until_element_invisibility\n    WebDriverWait(self.driver, time).until(EC.invisibility_of_element_located(locator))\n  File \"C:\\Sprint_5\\.venv\\Diplom_3\\Lib\\site-packages\\selenium\\webdriver\\support\\wait.py\", line 105, in until\n    raise TimeoutException(message, screen, stacktrace)\n"}, "parameters": [{"name": "time", "value": "20"}, {"name": "locator", "value": "('xpath', '//h2[text()=\"9999\"]')"}], "start": 1723719739904, "stop": 1723719760335}], "start": 1723719738594, "stop": 1723719760335}], "parameters": [{"name": "driver", "value": "'Firefox'"}], "start": 1723719737650, "stop": 1723719760337, "uuid": "2979bf34-8727-42ea-92c0-f9dbb9180449", "historyId": "e26429949e341192f7ec47e3ef23e289", "testCaseId": "b19e193dcb6fe9fd69fda95a90f8d68d", "fullName": "tests.test_order_list.TestOrderListPage#test_today_orders_counter", "labels": [{"name": "parentSuite", "value": "tests"}, {"name": "suite", "value": "test_order_list"}, {"name": "subSuite", "value": "TestOrderListPage"}, {"name": "host", "value": "Hapuga"}, {"name": "thread", "value": "7292-MainThread"}, {"name": "framework", "value": "pytest"}, {"name": "language", "value": "cpython3"}, {"name": "package", "value": "tests.test_order_list"}]}