{"name": "Проверка успешного создания заказа", "status": "broken", "statusDetails": {"message": "selenium.common.exceptions.TimeoutException: Message: \nStacktrace:\nRemoteError@chrome://remote/content/shared/RemoteError.sys.mjs:8:8\nWebDriverError@chrome://remote/content/shared/webdriver/Errors.sys.mjs:193:5\nNoSuchElementError@chrome://remote/content/shared/webdriver/Errors.sys.mjs:511:5\ndom.find/</<@chrome://remote/content/shared/DOM.sys.mjs:136:16", "trace": "self = <test_main_page.TestMainPage object at 0x00000283C36B82F0>, driver = <selenium.webdriver.firefox.webdriver.WebDriver (session=\"25890b86-2083-4c1c-ae43-1b3f993927cf\")>\nuser_sign_in = None\n\n    @allure.title('Проверка успешного создания заказа')\n    def test_successful_order(self, driver, user_sign_in):\n        mainpage = MainPage(driver)\n>       mainpage.add_bun_to_order_basket()\n\ntests\\test_main_page.py:51: \n_ _ _ _ _ _ _ _ _ _ _ _ _ _ _ _ _ _ _ _ _ _ _ _ _ _ _ _ _ _ _ _ _ _ _ _ _ _ _ _ _ _ _ _ _ _ _ _ _ _ _ _ _ _ _ _ _ _ _ _ _ _ _ _ _ _ _ _ _ _ _ _ _ _ _ _ _ _ _ _ _ _ _ _ _ _ _ _ _ _ _ _\npages\\main_page.py:41: in add_bun_to_order_basket\n    self.wait_until_element_visibility(20, MainPageLocators.BUN_IN_BASKET)\npages\\base_page.py:32: in wait_until_element_visibility\n    WebDriverWait(self.driver, time).until(EC.visibility_of_element_located(locator))\n_ _ _ _ _ _ _ _ _ _ _ _ _ _ _ _ _ _ _ _ _ _ _ _ _ _ _ _ _ _ _ _ _ _ _ _ _ _ _ _ _ _ _ _ _ _ _ _ _ _ _ _ _ _ _ _ _ _ _ _ _ _ _ _ _ _ _ _ _ _ _ _ _ _ _ _ _ _ _ _ _ _ _ _ _ _ _ _ _ _ _ _\n\nself = <selenium.webdriver.support.wait.WebDriverWait (session=\"25890b86-2083-4c1c-ae43-1b3f993927cf\")>\nmethod = <function visibility_of_element_located.<locals>._predicate at 0x00000283C3AA32E0>, message = ''\n\n    def until(self, method: Callable[[D], Union[Literal[False], T]], message: str = \"\") -> T:\n        \"\"\"Calls the method provided with the driver as an argument until the \\\n        return value does not evaluate to ``False``.\n    \n        :param method: callable(WebDriver)\n        :param message: optional message for :exc:`TimeoutException`\n        :returns: the result of the last call to `method`\n        :raises: :exc:`selenium.common.exceptions.TimeoutException` if timeout occurs\n        \"\"\"\n        screen = None\n        stacktrace = None\n    \n        end_time = time.monotonic() + self._timeout\n        while True:\n            try:\n                value = method(self._driver)\n                if value:\n                    return value\n            except self._ignored_exceptions as exc:\n                screen = getattr(exc, \"screen\", None)\n                stacktrace = getattr(exc, \"stacktrace\", None)\n            time.sleep(self._poll)\n            if time.monotonic() > end_time:\n                break\n>       raise TimeoutException(message, screen, stacktrace)\nE       selenium.common.exceptions.TimeoutException: Message: \nE       Stacktrace:\nE       RemoteError@chrome://remote/content/shared/RemoteError.sys.mjs:8:8\nE       WebDriverError@chrome://remote/content/shared/webdriver/Errors.sys.mjs:193:5\nE       NoSuchElementError@chrome://remote/content/shared/webdriver/Errors.sys.mjs:511:5\nE       dom.find/</<@chrome://remote/content/shared/DOM.sys.mjs:136:16\n\nC:\\Sprint_5\\.venv\\Diplom_3\\Lib\\site-packages\\selenium\\webdriver\\support\\wait.py:105: TimeoutException"}, "steps": [{"name": "Добавляем ингредиент \"Флюоресцентная булка\" в корзину заказа", "status": "broken", "statusDetails": {"message": "selenium.common.exceptions.TimeoutException: Message: \nStacktrace:\nRemoteError@chrome://remote/content/shared/RemoteError.sys.mjs:8:8\nWebDriverError@chrome://remote/content/shared/webdriver/Errors.sys.mjs:193:5\nNoSuchElementError@chrome://remote/content/shared/webdriver/Errors.sys.mjs:511:5\ndom.find/</<@chrome://remote/content/shared/DOM.sys.mjs:136:16\n\n", "trace": "  File \"C:\\Sprint_5\\.venv\\Diplom_3\\Lib\\site-packages\\allure_commons\\_allure.py\", line 192, in impl\n    return func(*a, **kw)\n           ^^^^^^^^^^^^^^\n  File \"C:\\Users\\ibrae\\OneDrive\\Desktop\\Diplom_Alexander_Lyapunov_07\\Diplom_3\\pages\\main_page.py\", line 41, in add_bun_to_order_basket\n    self.wait_until_element_visibility(20, MainPageLocators.BUN_IN_BASKET)\n  File \"C:\\Sprint_5\\.venv\\Diplom_3\\Lib\\site-packages\\allure_commons\\_allure.py\", line 192, in impl\n    return func(*a, **kw)\n           ^^^^^^^^^^^^^^\n  File \"C:\\Users\\ibrae\\OneDrive\\Desktop\\Diplom_Alexander_Lyapunov_07\\Diplom_3\\pages\\base_page.py\", line 32, in wait_until_element_visibility\n    WebDriverWait(self.driver, time).until(EC.visibility_of_element_located(locator))\n  File \"C:\\Sprint_5\\.venv\\Diplom_3\\Lib\\site-packages\\selenium\\webdriver\\support\\wait.py\", line 105, in until\n    raise TimeoutException(message, screen, stacktrace)\n"}, "steps": [{"name": "Перетаскивание элемента", "status": "passed", "parameters": [{"name": "drag", "value": "('xpath', '//*[@href=\"/ingredient/61c0c5a71d1f82001bdaaa6d\"]')"}, {"name": "drop", "value": "('xpath', '//ul[contains(@class,\"basket\")]')"}], "start": 1723719604400, "stop": 1723719604991}, {"name": "Ожидание появления элемента", "status": "broken", "statusDetails": {"message": "selenium.common.exceptions.TimeoutException: Message: \nStacktrace:\nRemoteError@chrome://remote/content/shared/RemoteError.sys.mjs:8:8\nWebDriverError@chrome://remote/content/shared/webdriver/Errors.sys.mjs:193:5\nNoSuchElementError@chrome://remote/content/shared/webdriver/Errors.sys.mjs:511:5\ndom.find/</<@chrome://remote/content/shared/DOM.sys.mjs:136:16\n\n", "trace": "  File \"C:\\Sprint_5\\.venv\\Diplom_3\\Lib\\site-packages\\allure_commons\\_allure.py\", line 192, in impl\n    return func(*a, **kw)\n           ^^^^^^^^^^^^^^\n  File \"C:\\Users\\ibrae\\OneDrive\\Desktop\\Diplom_Alexander_Lyapunov_07\\Diplom_3\\pages\\base_page.py\", line 32, in wait_until_element_visibility\n    WebDriverWait(self.driver, time).until(EC.visibility_of_element_located(locator))\n  File \"C:\\Sprint_5\\.venv\\Diplom_3\\Lib\\site-packages\\selenium\\webdriver\\support\\wait.py\", line 105, in until\n    raise TimeoutException(message, screen, stacktrace)\n"}, "parameters": [{"name": "time", "value": "20"}, {"name": "locator", "value": "('xpath', '//img[@alt=\"Флюоресцентная булка R2-D3 (верх)\"]')"}], "start": 1723719604991, "stop": 1723719625153}], "start": 1723719604400, "stop": 1723719625153}], "parameters": [{"name": "driver", "value": "'Firefox'"}], "start": 1723719604398, "stop": 1723719625154, "uuid": "245d4eaf-0076-44ad-a3dc-4366cfaa57c3", "historyId": "cd89e50ec5cbace2ae50a9b07d9887f5", "testCaseId": "d1753ccba30592f56518d638a94c4cb0", "fullName": "tests.test_main_page.TestMainPage#test_successful_order", "labels": [{"name": "parentSuite", "value": "tests"}, {"name": "suite", "value": "test_main_page"}, {"name": "subSuite", "value": "TestMainPage"}, {"name": "host", "value": "Hapuga"}, {"name": "thread", "value": "7292-MainThread"}, {"name": "framework", "value": "pytest"}, {"name": "language", "value": "cpython3"}, {"name": "package", "value": "tests.test_main_page"}]}