{"name": "Проверка изменения счетчика ингредиента", "status": "broken", "statusDetails": {"message": "selenium.common.exceptions.TimeoutException: Message: \nStacktrace:\nRemoteError@chrome://remote/content/shared/RemoteError.sys.mjs:8:8\nWebDriverError@chrome://remote/content/shared/webdriver/Errors.sys.mjs:193:5\nNoSuchElementError@chrome://remote/content/shared/webdriver/Errors.sys.mjs:511:5\ndom.find/</<@chrome://remote/content/shared/DOM.sys.mjs:136:16", "trace": "self = <test_main_page.TestMainPage object at 0x00000283C3677FE0>, driver = <selenium.webdriver.firefox.webdriver.WebDriver (session=\"a410ef82-7cfa-499a-9942-a330f96a0309\")>\n\n    @allure.title('Проверка изменения счетчика ингредиента')\n    def test_ingredient_counter(self, driver):\n        mainpage = MainPage(driver)\n        mainpage.go_to_site(Urls.URL)\n>       mainpage.add_bun_to_order_basket()\n\ntests\\test_main_page.py:45: \n_ _ _ _ _ _ _ _ _ _ _ _ _ _ _ _ _ _ _ _ _ _ _ _ _ _ _ _ _ _ _ _ _ _ _ _ _ _ _ _ _ _ _ _ _ _ _ _ _ _ _ _ _ _ _ _ _ _ _ _ _ _ _ _ _ _ _ _ _ _ _ _ _ _ _ _ _ _ _ _ _ _ _ _ _ _ _ _ _ _ _ _\npages\\main_page.py:41: in add_bun_to_order_basket\n    self.wait_until_element_visibility(20, MainPageLocators.BUN_IN_BASKET)\npages\\base_page.py:32: in wait_until_element_visibility\n    WebDriverWait(self.driver, time).until(EC.visibility_of_element_located(locator))\n_ _ _ _ _ _ _ _ _ _ _ _ _ _ _ _ _ _ _ _ _ _ _ _ _ _ _ _ _ _ _ _ _ _ _ _ _ _ _ _ _ _ _ _ _ _ _ _ _ _ _ _ _ _ _ _ _ _ _ _ _ _ _ _ _ _ _ _ _ _ _ _ _ _ _ _ _ _ _ _ _ _ _ _ _ _ _ _ _ _ _ _\n\nself = <selenium.webdriver.support.wait.WebDriverWait (session=\"a410ef82-7cfa-499a-9942-a330f96a0309\")>\nmethod = <function visibility_of_element_located.<locals>._predicate at 0x00000283C36ABF60>, message = ''\n\n    def until(self, method: Callable[[D], Union[Literal[False], T]], message: str = \"\") -> T:\n        \"\"\"Calls the method provided with the driver as an argument until the \\\n        return value does not evaluate to ``False``.\n    \n        :param method: callable(WebDriver)\n        :param message: optional message for :exc:`TimeoutException`\n        :returns: the result of the last call to `method`\n        :raises: :exc:`selenium.common.exceptions.TimeoutException` if timeout occurs\n        \"\"\"\n        screen = None\n        stacktrace = None\n    \n        end_time = time.monotonic() + self._timeout\n        while True:\n            try:\n                value = method(self._driver)\n                if value:\n                    return value\n            except self._ignored_exceptions as exc:\n                screen = getattr(exc, \"screen\", None)\n                stacktrace = getattr(exc, \"stacktrace\", None)\n            time.sleep(self._poll)\n            if time.monotonic() > end_time:\n                break\n>       raise TimeoutException(message, screen, stacktrace)\nE       selenium.common.exceptions.TimeoutException: Message: \nE       Stacktrace:\nE       RemoteError@chrome://remote/content/shared/RemoteError.sys.mjs:8:8\nE       WebDriverError@chrome://remote/content/shared/webdriver/Errors.sys.mjs:193:5\nE       NoSuchElementError@chrome://remote/content/shared/webdriver/Errors.sys.mjs:511:5\nE       dom.find/</<@chrome://remote/content/shared/DOM.sys.mjs:136:16\n\nC:\\Sprint_5\\.venv\\Diplom_3\\Lib\\site-packages\\selenium\\webdriver\\support\\wait.py:105: TimeoutException"}, "steps": [{"name": "Переход на сайт", "status": "passed", "parameters": [{"name": "url", "value": "'https://stellarburgers.nomoreparties.site/'"}], "start": 1723719559682, "stop": 1723719561472}, {"name": "Добавляем ингредиент \"Флюоресцентная булка\" в корзину заказа", "status": "broken", "statusDetails": {"message": "selenium.common.exceptions.TimeoutException: Message: \nStacktrace:\nRemoteError@chrome://remote/content/shared/RemoteError.sys.mjs:8:8\nWebDriverError@chrome://remote/content/shared/webdriver/Errors.sys.mjs:193:5\nNoSuchElementError@chrome://remote/content/shared/webdriver/Errors.sys.mjs:511:5\ndom.find/</<@chrome://remote/content/shared/DOM.sys.mjs:136:16\n\n", "trace": "  File \"C:\\Sprint_5\\.venv\\Diplom_3\\Lib\\site-packages\\allure_commons\\_allure.py\", line 192, in impl\n    return func(*a, **kw)\n           ^^^^^^^^^^^^^^\n  File \"C:\\Users\\ibrae\\OneDrive\\Desktop\\Diplom_Alexander_Lyapunov_07\\Diplom_3\\pages\\main_page.py\", line 41, in add_bun_to_order_basket\n    self.wait_until_element_visibility(20, MainPageLocators.BUN_IN_BASKET)\n  File \"C:\\Sprint_5\\.venv\\Diplom_3\\Lib\\site-packages\\allure_commons\\_allure.py\", line 192, in impl\n    return func(*a, **kw)\n           ^^^^^^^^^^^^^^\n  File \"C:\\Users\\ibrae\\OneDrive\\Desktop\\Diplom_Alexander_Lyapunov_07\\Diplom_3\\pages\\base_page.py\", line 32, in wait_until_element_visibility\n    WebDriverWait(self.driver, time).until(EC.visibility_of_element_located(locator))\n  File \"C:\\Sprint_5\\.venv\\Diplom_3\\Lib\\site-packages\\selenium\\webdriver\\support\\wait.py\", line 105, in until\n    raise TimeoutException(message, screen, stacktrace)\n"}, "steps": [{"name": "Перетаскивание элемента", "status": "passed", "parameters": [{"name": "drag", "value": "('xpath', '//*[@href=\"/ingredient/61c0c5a71d1f82001bdaaa6d\"]')"}, {"name": "drop", "value": "('xpath', '//ul[contains(@class,\"basket\")]')"}], "start": 1723719561472, "stop": 1723719562092}, {"name": "Ожидание появления элемента", "status": "broken", "statusDetails": {"message": "selenium.common.exceptions.TimeoutException: Message: \nStacktrace:\nRemoteError@chrome://remote/content/shared/RemoteError.sys.mjs:8:8\nWebDriverError@chrome://remote/content/shared/webdriver/Errors.sys.mjs:193:5\nNoSuchElementError@chrome://remote/content/shared/webdriver/Errors.sys.mjs:511:5\ndom.find/</<@chrome://remote/content/shared/DOM.sys.mjs:136:16\n\n", "trace": "  File \"C:\\Sprint_5\\.venv\\Diplom_3\\Lib\\site-packages\\allure_commons\\_allure.py\", line 192, in impl\n    return func(*a, **kw)\n           ^^^^^^^^^^^^^^\n  File \"C:\\Users\\ibrae\\OneDrive\\Desktop\\Diplom_Alexander_Lyapunov_07\\Diplom_3\\pages\\base_page.py\", line 32, in wait_until_element_visibility\n    WebDriverWait(self.driver, time).until(EC.visibility_of_element_located(locator))\n  File \"C:\\Sprint_5\\.venv\\Diplom_3\\Lib\\site-packages\\selenium\\webdriver\\support\\wait.py\", line 105, in until\n    raise TimeoutException(message, screen, stacktrace)\n"}, "parameters": [{"name": "time", "value": "20"}, {"name": "locator", "value": "('xpath', '//img[@alt=\"Флюоресцентная булка R2-D3 (верх)\"]')"}], "start": 1723719562092, "stop": 1723719582259}], "start": 1723719561472, "stop": 1723719582265}], "parameters": [{"name": "driver", "value": "'Firefox'"}], "start": 1723719559682, "stop": 1723719582265, "uuid": "4d8666ca-f42f-49c4-87cf-52cebd603f14", "historyId": "9ad5f260fdd4c3d9a5f193cdbbec47b7", "testCaseId": "e24dc44bc4d63adaf20e5d6c7cc55b25", "fullName": "tests.test_main_page.TestMainPage#test_ingredient_counter", "labels": [{"name": "parentSuite", "value": "tests"}, {"name": "suite", "value": "test_main_page"}, {"name": "subSuite", "value": "TestMainPage"}, {"name": "host", "value": "Hapuga"}, {"name": "thread", "value": "7292-MainThread"}, {"name": "framework", "value": "pytest"}, {"name": "language", "value": "cpython3"}, {"name": "package", "value": "tests.test_main_page"}]}